time="2021-03-05T14:34:49+07:00" level=info msg="Starting TODO API" func=main.main file="/Users/user/go/src/github.com/gorest1/main.go:29"
time="2021-03-05T14:34:49+07:00" level=info msg="Starting Database Connection" func=github.com/gorest1/db.DBInit file="/Users/user/go/src/github.com/gorest1/db/init.go:11"
time="2021-03-05T14:34:49+07:00" level=panic msg="failed to connect database with error pq: password authentication failed for user \"admin\"" func=github.com/gorest1/db.DBInit file="/Users/user/go/src/github.com/gorest1/db/init.go:15"
time="2021-03-05T14:39:55+07:00" level=info msg="Starting TODO API" func=main.main file="/Users/user/go/src/github.com/gorest1/main.go:29"
time="2021-03-05T14:39:55+07:00" level=info msg="Starting Database Connection" func=github.com/gorest1/db.DBInit file="/Users/user/go/src/github.com/gorest1/db/init.go:11"
time="2021-03-09T17:14:51+07:00" level=info msg="Starting TODO API" func=main.main file="/Users/user/go/src/github.com/gorest1/main.go:29"
time="2021-03-09T17:14:51+07:00" level=info msg="Starting Database Connection" func=github.com/gorest1/db.DBInit file="/Users/user/go/src/github.com/gorest1/db/init.go:11"
time="2021-03-09T17:18:31+07:00" level=info msg="Success updating todo" func=github.com/gorest1/handlers.UpdateTodoHandler.func1 file="/Users/user/go/src/github.com/gorest1/handlers/todo_handler.go:70" Description="update ya" ID=2 IsCompleted=false
time="2021-03-09T17:19:13+07:00" level=info msg="Success updating todo" func=github.com/gorest1/handlers.UpdateTodoHandler.func1 file="/Users/user/go/src/github.com/gorest1/handlers/todo_handler.go:70" Description="update ya" ID=2 IsCompleted=false
time="2021-03-09T17:19:15+07:00" level=info msg="Success updating todo" func=github.com/gorest1/handlers.UpdateTodoHandler.func1 file="/Users/user/go/src/github.com/gorest1/handlers/todo_handler.go:70" Description="update ya" ID=2 IsCompleted=false
time="2021-03-09T17:21:38+07:00" level=info msg="Starting TODO API" func=main.main file="/Users/user/go/src/github.com/gorest1/main.go:29"
time="2021-03-09T17:21:38+07:00" level=info msg="Starting Database Connection" func=github.com/gorest1/db.DBInit file="/Users/user/go/src/github.com/gorest1/db/init.go:11"
time="2021-03-09T17:21:44+07:00" level=info msg="Starting TODO API" func=main.main file="/Users/user/go/src/github.com/gorest1/main.go:29"
time="2021-03-09T17:21:44+07:00" level=info msg="Starting Database Connection" func=github.com/gorest1/db.DBInit file="/Users/user/go/src/github.com/gorest1/db/init.go:11"
time="2021-03-09T17:21:46+07:00" level=info msg="Success updating todo" func=github.com/gorest1/handlers.UpdateTodoHandler.func1 file="/Users/user/go/src/github.com/gorest1/handlers/todo_handler.go:70" Description="update ya" ID=2 IsCompleted=true
time="2021-03-09T17:28:18+07:00" level=info msg="Starting TODO API" func=main.main file="/Users/user/go/src/github.com/gorest1/main.go:29"
time="2021-03-09T17:28:18+07:00" level=info msg="Starting Database Connection" func=github.com/gorest1/db.DBInit file="/Users/user/go/src/github.com/gorest1/db/init.go:11"
time="2021-03-09T17:28:37+07:00" level=info msg="Success deleted todo item" func=github.com/gorest1/handlers.DeleteTodoHandler.func1 file="/Users/user/go/src/github.com/gorest1/handlers/todo_handler.go:89" ID=1
time="2021-03-11T09:53:10+07:00" level=info msg="Starting TODO API" func=main.main file="/Users/user/go/src/github.com/gorest1/main.go:30"
time="2021-03-11T09:53:10+07:00" level=info msg="Starting Database Connection" func=github.com/gorest1/db.DBInit file="/Users/user/go/src/github.com/gorest1/db/init.go:11"
time="2021-03-11T09:53:37+07:00" level=info msg="Access from /api/v1/todo" func=github.com/gorest1/middleware.Auth.func1.1 file="/Users/user/go/src/github.com/gorest1/middleware/middleware.go:16"
time="2021-03-11T09:53:52+07:00" level=info msg="Access from /api/v1/todo" func=github.com/gorest1/middleware.Auth.func1.1 file="/Users/user/go/src/github.com/gorest1/middleware/middleware.go:16"
time="2021-03-11T09:53:54+07:00" level=info msg="Access from /api/v1/todo" func=github.com/gorest1/middleware.Auth.func1.1 file="/Users/user/go/src/github.com/gorest1/middleware/middleware.go:16"
time="2021-03-11T09:54:06+07:00" level=info msg="Access from /api/v1/todo" func=github.com/gorest1/middleware.Auth.func1.1 file="/Users/user/go/src/github.com/gorest1/middleware/middleware.go:16"
time="2021-03-11T09:54:43+07:00" level=info msg="Access from /api/v1/register" func=github.com/gorest1/middleware.Auth.func1.1 file="/Users/user/go/src/github.com/gorest1/middleware/middleware.go:16"
time="2021-03-11T09:54:55+07:00" level=info msg="Access from /api/v1/register" func=github.com/gorest1/middleware.Auth.func1.1 file="/Users/user/go/src/github.com/gorest1/middleware/middleware.go:16"
time="2021-03-11T15:00:33+07:00" level=info msg="Starting TODO API" func=main.main file="/Users/user/go/src/github.com/gorest1/main.go:30"
time="2021-03-11T15:00:33+07:00" level=info msg="Starting Database Connection" func=github.com/gorest1/db.DBInit file="/Users/user/go/src/github.com/gorest1/db/init.go:11"
time="2021-03-11T15:00:40+07:00" level=info msg="Access from /api/v1/register" func=github.com/gorest1/middleware.Auth.func1.1 file="/Users/user/go/src/github.com/gorest1/middleware/middleware.go:16"
time="2021-03-11T15:01:38+07:00" level=info msg="Access from /api/v1/todo" func=github.com/gorest1/middleware.Auth.func1.1 file="/Users/user/go/src/github.com/gorest1/middleware/middleware.go:16"
time="2021-03-11T15:01:59+07:00" level=info msg="Access from /api/v1/todo" func=github.com/gorest1/middleware.Auth.func1.1 file="/Users/user/go/src/github.com/gorest1/middleware/middleware.go:16"
time="2021-03-11T15:01:59+07:00" level=warning msg="Failed open file with error open /Users/user/go/src/github.com/gorest1/images/image20210311150159.jpeg: no such file or directory" func=github.com/gorest1/handlers.CreateTodoHandler.func1 file="/Users/user/go/src/github.com/gorest1/handlers/todo_handler.go:49"
time="2021-03-11T15:02:53+07:00" level=info msg="Access from /api/v1/todo" func=github.com/gorest1/middleware.Auth.func1.1 file="/Users/user/go/src/github.com/gorest1/middleware/middleware.go:16"
time="2021-03-11T15:02:53+07:00" level=warning msg="Failed open file with error open /Users/user/go/src/github.com/gorest1/images/image20210311150253.jpeg: no such file or directory" func=github.com/gorest1/handlers.CreateTodoHandler.func1 file="/Users/user/go/src/github.com/gorest1/handlers/todo_handler.go:49"
time="2021-03-11T15:02:54+07:00" level=info msg="Access from /api/v1/todo" func=github.com/gorest1/middleware.Auth.func1.1 file="/Users/user/go/src/github.com/gorest1/middleware/middleware.go:16"
time="2021-03-11T15:02:54+07:00" level=warning msg="Failed open file with error open /Users/user/go/src/github.com/gorest1/images/image20210311150254.jpeg: no such file or directory" func=github.com/gorest1/handlers.CreateTodoHandler.func1 file="/Users/user/go/src/github.com/gorest1/handlers/todo_handler.go:49"
time="2021-03-11T15:06:14+07:00" level=info msg="Access from /api/v1/todo" func=github.com/gorest1/middleware.Auth.func1.1 file="/Users/user/go/src/github.com/gorest1/middleware/middleware.go:16"
time="2021-03-11T15:06:14+07:00" level=warning msg="Failed open file with error open /Users/user/go/src/github.com/gorest1/images/image20210311150614.jpeg: no such file or directory" func=github.com/gorest1/handlers.CreateTodoHandler.func1 file="/Users/user/go/src/github.com/gorest1/handlers/todo_handler.go:49"
time="2021-03-11T15:07:38+07:00" level=info msg="Access from /api/v1/todo" func=github.com/gorest1/middleware.Auth.func1.1 file="/Users/user/go/src/github.com/gorest1/middleware/middleware.go:16"
time="2021-03-11T15:07:38+07:00" level=warning msg="Failed open file with error open /Users/user/go/src/github.com/gorest1/images/image20210311150738.jpeg: no such file or directory" func=github.com/gorest1/handlers.CreateTodoHandler.func1 file="/Users/user/go/src/github.com/gorest1/handlers/todo_handler.go:49"
time="2021-03-11T15:08:16+07:00" level=info msg="Starting TODO API" func=main.main file="/Users/user/go/src/github.com/gorest1/main.go:30"
time="2021-03-11T15:08:16+07:00" level=info msg="Starting Database Connection" func=github.com/gorest1/db.DBInit file="/Users/user/go/src/github.com/gorest1/db/init.go:11"
time="2021-03-11T15:08:33+07:00" level=info msg="Access from /api/v1/register" func=github.com/gorest1/middleware.Auth.func1.1 file="/Users/user/go/src/github.com/gorest1/middleware/middleware.go:16"
time="2021-03-11T15:08:50+07:00" level=info msg="Access from /api/v1/todo" func=github.com/gorest1/middleware.Auth.func1.1 file="/Users/user/go/src/github.com/gorest1/middleware/middleware.go:16"
time="2021-03-11T15:08:50+07:00" level=info msg="Succes Add new todo Item" func=github.com/gorest1/handlers.CreateTodoHandler.func1 file="/Users/user/go/src/github.com/gorest1/handlers/todo_handler.go:70" Description=coba ImageURL="localhost:8001/image/image20210311150850.jpeg"
time="2021-03-11T16:48:14+07:00" level=info msg="Starting TODO API" func=main.main file="/Users/user/go/src/github.com/gorest1/main.go:30"
time="2021-03-11T16:48:14+07:00" level=info msg="Starting Database Connection" func=github.com/gorest1/db.DBInit file="/Users/user/go/src/github.com/gorest1/db/init.go:11"
time="2021-03-11T16:48:29+07:00" level=info msg="Access from /image/image20210311150850.jpeg" func=github.com/gorest1/middleware.Auth.func1.1 file="/Users/user/go/src/github.com/gorest1/middleware/middleware.go:16"
time="2021-03-11T16:50:58+07:00" level=info msg="Starting TODO API" func=main.main file="/Users/user/go/src/github.com/gorest1/main.go:30"
time="2021-03-11T16:50:58+07:00" level=info msg="Starting Database Connection" func=github.com/gorest1/db.DBInit file="/Users/user/go/src/github.com/gorest1/db/init.go:11"
time="2021-03-11T16:51:37+07:00" level=info msg="Access from /api/v1/register" func=github.com/gorest1/middleware.Auth.func1.1 file="/Users/user/go/src/github.com/gorest1/middleware/middleware.go:16"
time="2021-03-11T16:51:56+07:00" level=info msg="Access from /api/v1/todo" func=github.com/gorest1/middleware.Auth.func1.1 file="/Users/user/go/src/github.com/gorest1/middleware/middleware.go:16"
time="2021-03-11T16:51:56+07:00" level=info msg="Succes Add new todo Item" func=github.com/gorest1/handlers.CreateTodoHandler.func1 file="/Users/user/go/src/github.com/gorest1/handlers/todo_handler.go:70" Description=coba ImageURL="localhost:8001/image/image20210311165156.jpeg"
time="2021-03-11T16:52:11+07:00" level=info msg="Access from /image/image20210311165156.jpeg" func=github.com/gorest1/middleware.Auth.func1.1 file="/Users/user/go/src/github.com/gorest1/middleware/middleware.go:16"
time="2021-03-11T16:55:03+07:00" level=info msg="Starting TODO API" func=main.main file="/Users/user/go/src/github.com/gorest1/main.go:30"
time="2021-03-11T16:55:03+07:00" level=info msg="Starting Database Connection" func=github.com/gorest1/db.DBInit file="/Users/user/go/src/github.com/gorest1/db/init.go:11"
time="2021-03-11T16:55:13+07:00" level=info msg="Access from /image/image20210311165156.jpeg" func=github.com/gorest1/middleware.Auth.func1.1 file="/Users/user/go/src/github.com/gorest1/middleware/middleware.go:16"
